<?xml version="1.0" encoding="UTF-8"?>
<!-- Generated by org.testng.reporters.JUnitReportReporter -->
<testsuite hostname="DESKTOP-TIC5DM4" failures="0" tests="1" name="com.Wipro.TestRunner.TestRunner_Logout" time="21.494" errors="0" timestamp="2024-09-04T22:18:13 IST" skipped="0">
  <testcase classname="com.Wipro.TestRunner.TestRunner_Logout" name="runScenario" time="21.494"/>
  <system-out/>
</testsuite> <!-- com.Wipro.TestRunner.TestRunner_Logout -->
