<?xml version="1.0" encoding="UTF-8"?>
<!-- Generated by org.testng.reporters.JUnitReportReporter -->
<testsuite hostname="DESKTOP-TIC5DM4" failures="0" tests="1" name="com.Wipro.TestRunner.TestRunner_HomePage" time="17.876" errors="0" timestamp="2024-09-06T10:40:02 IST" skipped="0">
  <testcase classname="com.Wipro.TestRunner.TestRunner_HomePage" name="runScenario" time="17.876"/>
  <system-out/>
</testsuite> <!-- com.Wipro.TestRunner.TestRunner_HomePage -->
