<?xml version="1.0" encoding="UTF-8"?>
<!-- Generated by org.testng.reporters.JUnitReportReporter -->
<testsuite hostname="DESKTOP-TIC5DM4" failures="0" tests="1" name="com.Wipro.TestRunner.TestRunner_Profile" time="14.972" errors="0" timestamp="2024-09-06T10:01:13 IST" skipped="0">
  <testcase classname="com.Wipro.TestRunner.TestRunner_Profile" name="runScenario" time="14.972"/>
  <system-out/>
</testsuite> <!-- com.Wipro.TestRunner.TestRunner_Profile -->
