<?xml version="1.0" encoding="UTF-8"?>
<!-- Generated by org.testng.reporters.JUnitReportReporter -->
<testsuite hostname="DESKTOP-TIC5DM4" failures="0" tests="1" name="com.Wipro.TestRunner.TestRunner_History" time="29.798" errors="0" timestamp="2024-09-06T10:04:49 IST" skipped="0">
  <testcase classname="com.Wipro.TestRunner.TestRunner_History" name="runScenario" time="29.798"/>
  <system-out/>
</testsuite> <!-- com.Wipro.TestRunner.TestRunner_History -->
