<?xml version="1.0" encoding="UTF-8"?>
<!-- Generated by org.testng.reporters.JUnitReportReporter -->
<testsuite hostname="DESKTOP-TIC5DM4" failures="0" tests="3" name="com.Wipro.TestRunner.TestRunner_Booking" time="50.096" errors="0" timestamp="2024-09-04T22:36:24 IST" skipped="0">
  <testcase classname="com.Wipro.TestRunner.TestRunner_Booking" name="runScenario" time="22.484"/>
  <system-out/>
  <testcase classname="com.Wipro.TestRunner.TestRunner_Booking" name="runScenario" time="14.859"/>
  <system-out/>
  <testcase classname="com.Wipro.TestRunner.TestRunner_Booking" name="runScenario" time="12.753"/>
  <system-out/>
</testsuite> <!-- com.Wipro.TestRunner.TestRunner_Booking -->
