<?xml version="1.0" encoding="UTF-8"?>
<!-- Generated by org.testng.reporters.JUnitReportReporter -->
<testsuite hostname="DESKTOP-TIC5DM4" failures="0" tests="1" name="com.Wipro.TestRunner.TestRunner" time="23.040" errors="0" timestamp="2024-08-31T23:11:29 IST" skipped="0">
  <testcase classname="com.Wipro.TestRunner.TestRunner" name="runScenario" time="23.040"/>
  <system-out/>
</testsuite> <!-- com.Wipro.TestRunner.TestRunner -->
