<?xml version="1.0" encoding="UTF-8"?>
<!-- Generated by org.testng.reporters.JUnitReportReporter -->
<testsuite hostname="DESKTOP-TIC5DM4" failures="0" tests="7" name="com.Wipro.TestRunner.TestRunner_Login" time="81.533" errors="0" timestamp="2024-09-04T22:16:51 IST" skipped="0">
  <testcase classname="com.Wipro.TestRunner.TestRunner_Login" name="runScenario" time="12.205"/>
  <system-out/>
  <testcase classname="com.Wipro.TestRunner.TestRunner_Login" name="runScenario" time="14.227"/>
  <system-out/>
  <testcase classname="com.Wipro.TestRunner.TestRunner_Login" name="runScenario" time="8.692"/>
  <system-out/>
  <testcase classname="com.Wipro.TestRunner.TestRunner_Login" name="runScenario" time="11.490"/>
  <system-out/>
  <testcase classname="com.Wipro.TestRunner.TestRunner_Login" name="runScenario" time="13.807"/>
  <system-out/>
  <testcase classname="com.Wipro.TestRunner.TestRunner_Login" name="runScenario" time="9.207"/>
  <system-out/>
  <testcase classname="com.Wipro.TestRunner.TestRunner_Login" name="runScenario" time="11.905"/>
  <system-out/>
</testsuite> <!-- com.Wipro.TestRunner.TestRunner_Login -->
